<?xml version="1.0" encoding="UTF-8"?>
<!-- Generated by org.testng.reporters.JUnitReportReporter -->
<testsuite hostname="OmNamahShivay" failures="0" tests="3" name="dataDriven.DataDrivenParameterized" time="28.338" errors="0" timestamp="2024-03-01T01:28:56 IST" skipped="0">
  <testcase classname="dataDriven.DataDrivenParameterized" name="Login" time="10.719"/>
  <testcase classname="dataDriven.DataDrivenParameterized" name="Login" time="8.429"/>
  <testcase classname="dataDriven.DataDrivenParameterized" name="Login" time="9.190"/>
</testsuite> <!-- dataDriven.DataDrivenParameterized -->
